<?xml version="1.0" encoding="UTF-8"?>
<!-- Generated by org.testng.reporters.JUnitReportReporter -->
<testsuite hostname="DESKTOP-I7U672O" failures="0" tests="3" name="practice_package.multipleTestCase" time="0.086" errors="0" timestamp="2023-03-18T12:28:59 IST" skipped="0">
  <testcase classname="practice_package.multipleTestCase" name="shikhar" time="0.007"/>
  <system-out/>
  <testcase classname="practice_package.multipleTestCase" name="virat" time="0.008"/>
  <system-out/>
  <testcase classname="practice_package.multipleTestCase" name="rohit" time="0.071"/>
  <system-out/>
</testsuite> <!-- practice_package.multipleTestCase -->
