<?xml version="1.0" encoding="UTF-8"?>
<!-- Generated by org.testng.reporters.JUnitReportReporter -->
<testsuite hostname="DESKTOP-I7U672O" failures="0" tests="1" name="practice_package.Demo2" time="0.011" errors="0" timestamp="2023-03-18T12:05:32 IST" skipped="0">
  <testcase classname="practice_package.Demo2" name="deleteTest" time="0.011"/>
  <system-out/>
</testsuite> <!-- practice_package.Demo2 -->
