<?xml version="1.0" encoding="UTF-8"?>
<!-- Generated by org.testng.reporters.JUnitReportReporter -->
<testsuite hostname="DESKTOP-I7U672O" failures="0" tests="1" name="practice_package.Demo3" time="0.021" errors="0" timestamp="2023-03-18T12:05:32 IST" skipped="0">
  <testcase classname="practice_package.Demo3" name="modifyTest" time="0.021"/>
  <system-out/>
</testsuite> <!-- practice_package.Demo3 -->
